<?xml version="1.0" encoding="UTF-8"?>
<!-- Generated by org.testng.reporters.JUnitReportReporter -->
<testsuite hostname="Sri-K-Chaitanya" name="junit.Second" tests="1" failures="0" timestamp="16 Oct 2015 13:01:27 GMT" time="6.489" errors="0">
  <testcase name="run" time="6.489" classname="junit.Second"/>
</testsuite> <!-- junit.Second -->
