<?xml version="1.0" encoding="UTF-8"?>
<!-- Generated by org.testng.reporters.JUnitReportReporter -->
<testsuite hostname="Sri-K-Chaitanya" name="com.testNGdemo.Teestng" tests="1" failures="0" timestamp="19 Oct 2015 09:56:56 GMT" time="6.686" errors="0">
  <testcase name="f" time="6.686" classname="com.testNGdemo.Teestng"/>
</testsuite> <!-- com.testNGdemo.Teestng -->
