<?xml version="1.0" encoding="UTF-8"?>
<!-- Generated by org.testng.reporters.JUnitReportReporter -->
<testsuite hostname="Sri-K-Chaitanya" name="junit.First" tests="1" failures="0" timestamp="16 Oct 2015 12:40:33 GMT" time="25.216" errors="0">
  <testcase name="f" time="25.216" classname="junit.First"/>
</testsuite> <!-- junit.First -->
